TN:
SF:src/app.ts
FNF:0
FNH:0
DA:7,1
DA:8,1
DA:9,1
DA:11,1
DA:12,1
LF:5
LH:5
BRF:0
BRH:0
end_of_record
TN:
SF:src/database.ts
FNF:0
FNH:0
DA:3,6
DA:4,6
LF:2
LH:2
BRF:0
BRH:0
end_of_record
TN:
SF:src/controllers/recommendationController.ts
FN:6,insert
FN:17,upvote
FN:25,downvote
FN:33,random
FN:39,get
FN:44,getTop
FN:51,getById
FNF:7
FNH:7
FNDA:1,insert
FNDA:3,upvote
FNDA:4,downvote
FNDA:1,random
FNDA:1,get
FNDA:1,getTop
FNDA:2,getById
DA:7,1
DA:8,1
DA:9,0
DA:12,1
DA:14,1
DA:18,3
DA:20,3
DA:22,2
DA:26,4
DA:28,4
DA:30,3
DA:34,1
DA:36,1
DA:40,1
DA:41,1
DA:45,1
DA:47,1
DA:48,1
DA:52,2
DA:54,2
DA:55,1
DA:58,1
LF:22
LH:21
BRDA:8,0,0,0
BRF:1
BRH:0
end_of_record
TN:
SF:src/middlewares/errorHandlerMiddleware.ts
FN:8,errorHandlerMiddleware
FNF:1
FNH:1
FNDA:3,errorHandlerMiddleware
DA:14,3
DA:16,3
DA:17,3
DA:20,0
LF:4
LH:3
BRDA:16,0,0,3
BRF:1
BRH:1
end_of_record
TN:
SF:src/repositories/recommendationRepository.ts
FN:5,create
FN:16,findAll
FN:26,getAmountByScore
FN:33,getFindAllFilter
FN:45,find
FN:51,findByName
FN:57,updateScore
FN:66,remove
FNF:8
FNH:8
FNDA:1,create
FNDA:3,findAll
FNDA:1,getAmountByScore
FNDA:3,getFindAllFilter
FNDA:9,find
FNDA:1,findByName
FNDA:5,updateScore
FNDA:1,remove
DA:6,1
DA:17,3
DA:19,3
DA:27,1
DA:36,3
DA:38,1
DA:40,1
DA:46,9
DA:52,1
DA:58,5
DA:67,1
DA:72,6
LF:12
LH:12
BRDA:36,0,0,2
BRF:1
BRH:1
end_of_record
TN:
SF:src/routers/recommendationRouter.ts
FNF:0
FNH:0
DA:4,1
DA:6,1
DA:7,1
DA:8,1
DA:9,1
DA:10,1
DA:11,1
DA:12,1
LF:8
LH:8
BRF:0
BRH:0
end_of_record
TN:
SF:src/schemas/recommendationsSchemas.ts
FNF:0
FNH:0
DA:4,1
DA:6,1
LF:2
LH:2
BRF:0
BRH:0
end_of_record
TN:
SF:src/services/recommendationsService.ts
FN:7,insert
FN:17,upvote
FN:23,downvote
FN:36,getByIdOrFail
FN:43,get
FN:47,getTop
FN:51,getRandom
FN:64,getByScore
FN:77,getScoreFilter
FNF:9
FNH:9
FNDA:3,insert
FNDA:6,upvote
FNDA:7,downvote
FNDA:17,getByIdOrFail
FNDA:2,get
FNDA:2,getTop
FNDA:3,getRandom
FNDA:3,getByScore
FNDA:3,getScoreFilter
DA:8,3
DA:11,3
DA:12,1
DA:14,2
DA:18,6
DA:20,4
DA:24,7
DA:26,6
DA:31,6
DA:32,2
DA:37,17
DA:38,17
DA:40,12
DA:44,2
DA:48,2
DA:52,3
DA:53,3
DA:55,3
DA:56,3
DA:57,2
DA:60,1
DA:61,1
DA:65,3
DA:70,3
DA:71,0
DA:74,3
DA:78,3
DA:79,2
DA:82,1
DA:85,6
LF:30
LH:29
BRDA:11,0,0,1
BRDA:31,1,0,2
BRDA:38,2,0,5
BRDA:56,3,0,2
BRDA:70,4,0,0
BRDA:78,5,0,2
BRF:6
BRH:5
end_of_record
TN:
SF:src/utils/errorUtils.ts
FN:7,isAppError
FN:11,errorTypeToStatusCode
FN:19,conflictError
FN:23,notFoundError
FN:27,unauthorizedError
FN:31,wrongSchemaError
FNF:6
FNH:4
FNDA:3,isAppError
FNDA:3,errorTypeToStatusCode
FNDA:2,conflictError
FNDA:11,notFoundError
FNDA:0,unauthorizedError
FNDA:0,wrongSchemaError
DA:8,3
DA:12,3
DA:13,3
DA:14,0
DA:15,0
DA:16,0
DA:20,2
DA:24,11
DA:28,0
DA:32,0
LF:10
LH:5
BRDA:12,0,0,0
BRDA:13,1,0,3
BRDA:14,2,0,0
BRDA:15,3,0,0
BRDA:20,4,0,2
BRDA:20,4,1,0
BRDA:20,5,0,2
BRDA:20,5,1,2
BRDA:24,6,0,0
BRDA:24,6,1,11
BRDA:24,7,0,11
BRDA:24,7,1,11
BRDA:28,8,0,0
BRDA:28,8,1,0
BRDA:28,9,0,0
BRDA:28,9,1,0
BRDA:32,10,0,0
BRDA:32,10,1,0
BRDA:32,11,0,0
BRDA:32,11,1,0
BRF:20
BRH:7
end_of_record
TN:
SF:tests/factories/recommendationFactory.ts
FN:5,create
FN:19,load
FNF:2
FNH:2
FNDA:23,create
FNDA:3,load
DA:8,23
DA:20,3
LF:2
LH:2
BRDA:6,0,0,7
BRDA:10,1,0,23
BRDA:10,1,1,23
BRDA:12,2,0,23
BRDA:12,2,1,23
BRDA:14,3,0,23
BRDA:14,3,1,7
BRF:7
BRH:7
end_of_record
